[1] "** Loading package: GSODR"
Loading required package: GSODR
[1] "*** Package loaded: GSODR"
[1] "* END: Loading packages"
[1] "locations to be extracted:"
         STNID       loc   stationid        NAME    LAT    LON CTRY STATE
1 416400-99999    Lahore 41640099999 LAHORE CITY 31.550 74.333   PK      
2 416750-99999    Multan 41675099999 MULTAN INTL 30.203 71.419   PK      
3 416970-99999      Sibi 41697099999        SIBI 29.550 67.883   PK      
4 417150-99999 Jacobabad 41715099999  SHAHBAZ AB 28.284 68.450   PK      
5 417490-99999 Nawabshah 41749099999   NAWABSHAH 26.219 68.390   PK      
6 417800-99999   Karachi 41780099999 JINNAH INTL 24.907 67.161   PK      
     BEGIN      END COUNTRY_NAME ISO2C ISO3C
1 19440101 20211212     PAKISTAN    PK   PAK
2 19440101 20211212     PAKISTAN    PK   PAK
3 19570201 20211212     PAKISTAN    PK   PAK
4 19440101 20211212     PAKISTAN    PK   PAK
5 19550101 20211212     PAKISTAN    PK   PAK
6 19420506 20211212     PAKISTAN    PK   PAK
             STNID        NAME CTRY LATITUDE LONGITUDE ELEVATION    BEGIN
   1: 416400-99999 LAHORE CITY   PK   31.550    74.333    214.00 19440101
   2: 416750-99999 MULTAN INTL   PK   30.203    71.419    121.92 19440101
   3: 416970-99999        SIBI   PK   29.550    67.883    134.00 19570201
   4: 417150-99999  SHAHBAZ AB   PK   28.284    68.450     56.38 19440101
   5: 417490-99999   NAWABSHAH   PK   26.219    68.390     28.34 19550101
  ---                                                                    
2038: 416750-99999 MULTAN INTL   PK   30.203    71.419    121.92 19440101
2039: 416970-99999        SIBI   PK   29.550    67.883    134.00 19570201
2040: 417150-99999  SHAHBAZ AB   PK   28.284    68.450     56.38 19440101
2041: 417490-99999   NAWABSHAH   PK   26.219    68.390     28.34 19550101
2042: 417800-99999 JINNAH INTL   PK   24.907    67.161     30.48 19420506
           END   YEARMODA YEAR MONTH DAY YDAY t_cel tmax_cel tmin_cel td_cel
   1: 20211212 2021-12-12 2021    12  12  346  15.3     23.0     10.5    8.1
   2: 20211212 2021-12-12 2021    12  12  346  15.5     21.5     10.0    7.1
   3: 20211212 2021-12-12 2021    12  12  346  17.6     25.6     10.6    8.3
   4: 20211212 2021-12-12 2021    12  12  346  17.8     22.0     12.0   10.3
   5: 20211212 2021-12-12 2021    12  12  346  17.2     24.5     10.0    8.3
  ---                                                                       
2038: 20211212 2021-01-01 2021     1   1    1  11.0     19.5      4.0    1.3
2039: 20211212 2021-01-01 2021     1   1    1  12.1     23.3      1.7   -3.2
2040: 20211212 2021-01-01 2021     1   1    1  12.1     19.5      4.0    3.2
2041: 20211212 2021-01-01 2021     1   1    1  13.1     21.0      4.5    5.2
2042: 20211212 2021-01-01 2021     1   1    1  15.6     24.0      8.0   -4.2
        rh hi_cel
   1: 62.2   27.8
   2: 57.3   28.1
   3: 54.4   26.2
   4: 61.5   25.4
   5: 55.8   26.4
  ---            
2038: 51.2   35.3
2039: 34.3   30.0
2040: 54.5   33.4
2041: 58.7   31.4
2042: 25.3   24.7
[1] "** Loading package: GSODR"
Loading required package: GSODR
[1] "*** Package loaded: GSODR"
[1] "* END: Loading packages"
[1] "locations to be extracted:"
         STNID       loc   stationid        NAME    LAT    LON CTRY STATE
1 416400-99999    Lahore 41640099999 LAHORE CITY 31.550 74.333   PK      
2 416750-99999    Multan 41675099999 MULTAN INTL 30.203 71.419   PK      
3 416970-99999      Sibi 41697099999        SIBI 29.550 67.883   PK      
4 417150-99999 Jacobabad 41715099999  SHAHBAZ AB 28.284 68.450   PK      
5 417490-99999 Nawabshah 41749099999   NAWABSHAH 26.219 68.390   PK      
6 417800-99999   Karachi 41780099999 JINNAH INTL 24.907 67.161   PK      
     BEGIN      END COUNTRY_NAME ISO2C ISO3C
1 19440101 20211212     PAKISTAN    PK   PAK
2 19440101 20211212     PAKISTAN    PK   PAK
3 19570201 20211212     PAKISTAN    PK   PAK
4 19440101 20211212     PAKISTAN    PK   PAK
5 19550101 20211212     PAKISTAN    PK   PAK
6 19420506 20211212     PAKISTAN    PK   PAK
[1] "** Loading package: GSODR"
Loading required package: GSODR
[1] "*** Package loaded: GSODR"
[1] "* END: Loading packages"
[1] "locations to be extracted:"
         STNID       loc   stationid        NAME    LAT    LON CTRY STATE
1 416400-99999    Lahore 41640099999 LAHORE CITY 31.550 74.333   PK      
2 416750-99999    Multan 41675099999 MULTAN INTL 30.203 71.419   PK      
3 416970-99999      Sibi 41697099999        SIBI 29.550 67.883   PK      
4 417150-99999 Jacobabad 41715099999  SHAHBAZ AB 28.284 68.450   PK      
5 417490-99999 Nawabshah 41749099999   NAWABSHAH 26.219 68.390   PK      
6 417800-99999   Karachi 41780099999 JINNAH INTL 24.907 67.161   PK      
     BEGIN      END COUNTRY_NAME ISO2C ISO3C
1 19440101 20211212     PAKISTAN    PK   PAK
2 19440101 20211212     PAKISTAN    PK   PAK
3 19570201 20211212     PAKISTAN    PK   PAK
4 19440101 20211212     PAKISTAN    PK   PAK
5 19550101 20211212     PAKISTAN    PK   PAK
6 19420506 20211212     PAKISTAN    PK   PAK
Error in `[.data.frame`(gsod_data_latestday, , c("STNID", "loc", "stationid",  : 
  undefined columns selected
Calls: [ -> [.data.frame
Execution halted
[1] "** Loading package: GSODR"
Loading required package: GSODR
[1] "*** Package loaded: GSODR"
[1] "* END: Loading packages"
[1] "locations to be extracted:"
         STNID       loc   stationid        NAME    LAT    LON CTRY STATE
1 416400-99999    Lahore 41640099999 LAHORE CITY 31.550 74.333   PK      
2 416750-99999    Multan 41675099999 MULTAN INTL 30.203 71.419   PK      
3 416970-99999      Sibi 41697099999        SIBI 29.550 67.883   PK      
4 417150-99999 Jacobabad 41715099999  SHAHBAZ AB 28.284 68.450   PK      
5 417490-99999 Nawabshah 41749099999   NAWABSHAH 26.219 68.390   PK      
6 417800-99999   Karachi 41780099999 JINNAH INTL 24.907 67.161   PK      
     BEGIN      END COUNTRY_NAME ISO2C ISO3C
1 19440101 20211212     PAKISTAN    PK   PAK
2 19440101 20211212     PAKISTAN    PK   PAK
3 19570201 20211212     PAKISTAN    PK   PAK
4 19440101 20211212     PAKISTAN    PK   PAK
5 19550101 20211212     PAKISTAN    PK   PAK
6 19420506 20211212     PAKISTAN    PK   PAK
Error in `[.data.frame`(gsod_data_latestday, , c("STNID", "loc", "stationid",  : 
  undefined columns selected
Calls: [ -> [.data.frame
Execution halted
